Compiled jquery.js  (2ms)  (pid 6008)
Compiled jquery_ujs.js  (0ms)  (pid 6008)
Compiled angular.js  (20ms)  (pid 6008)
Compiled angular-resource.js  (0ms)  (pid 6008)
Compiled app/calendar.js  (58ms)  (pid 6008)
Compiled controllers/month_controller.js  (35ms)  (pid 6008)
Compiled controllers/event_controller.js  (23ms)  (pid 6008)
Compiled services/calendar_service.js  (25ms)  (pid 6008)
Compiled services/event_service.js  (10ms)  (pid 6008)
Compiled directives/event_modal_directive.js  (8ms)  (pid 6008)
Compiled bootstrap.js  (0ms)  (pid 6008)
Compiled moment.js  (0ms)  (pid 6008)
Compiled underscore.js  (0ms)  (pid 6008)
Compiled application.js  (1033ms)  (pid 6008)
Compiled bootstrap-responsive.css  (0ms)  (pid 6008)
Compiled bootstrap.css  (0ms)  (pid 6008)
Compiled calendar.css  (0ms)  (pid 6008)
Compiled events.css  (34ms)  (pid 6008)
Compiled scaffolds.css  (10ms)  (pid 6008)
Compiled application.css  (148ms)  (pid 6008)
Compiled jquery.js  (1ms)  (pid 6008)
Compiled jquery_ujs.js  (0ms)  (pid 6008)
Compiled angular.js  (6ms)  (pid 6008)
Compiled angular-resource.js  (0ms)  (pid 6008)
Compiled app/calendar.js  (57ms)  (pid 6008)
Compiled controllers/month_controller.js  (35ms)  (pid 6008)
Compiled controllers/event_controller.js  (20ms)  (pid 6008)
Compiled services/calendar_service.js  (25ms)  (pid 6008)
Compiled services/event_service.js  (8ms)  (pid 6008)
Compiled directives/event_modal_directive.js  (6ms)  (pid 6008)
Compiled bootstrap.js  (0ms)  (pid 6008)
Compiled moment.js  (0ms)  (pid 6008)
Compiled underscore.js  (0ms)  (pid 6008)
Compiled application.js  (262ms)  (pid 6008)
Compiled bootstrap-responsive.css  (0ms)  (pid 6008)
Compiled bootstrap.css  (0ms)  (pid 6008)
Compiled calendar.css  (0ms)  (pid 6008)
Compiled events.css  (8ms)  (pid 6008)
Compiled scaffolds.css  (16ms)  (pid 6008)
Compiled application.css  (72ms)  (pid 6008)
Compiled jquery.js  (2ms)  (pid 6035)
Compiled jquery_ujs.js  (0ms)  (pid 6035)
Compiled angular.js  (21ms)  (pid 6035)
Compiled angular-resource.js  (0ms)  (pid 6035)
Compiled app/calendar.js  (64ms)  (pid 6035)
Compiled controllers/month_controller.js  (37ms)  (pid 6035)
Compiled controllers/event_controller.js  (25ms)  (pid 6035)
Compiled services/calendar_service.js  (29ms)  (pid 6035)
Compiled services/event_service.js  (12ms)  (pid 6035)
Compiled directives/event_modal_directive.js  (9ms)  (pid 6035)
Compiled bootstrap.js  (0ms)  (pid 6035)
Compiled moment.js  (0ms)  (pid 6035)
Compiled underscore.js  (0ms)  (pid 6035)
Compiled application.js  (304ms)  (pid 6035)
Compiled bootstrap-responsive.css  (0ms)  (pid 6035)
Compiled bootstrap.css  (0ms)  (pid 6035)
Compiled calendar.css  (0ms)  (pid 6035)
Compiled events.css  (6ms)  (pid 6035)
Compiled scaffolds.css  (13ms)  (pid 6035)
Compiled application.css  (53ms)  (pid 6035)
Compiled jquery.js  (1ms)  (pid 6035)
Compiled jquery_ujs.js  (0ms)  (pid 6035)
Compiled angular.js  (6ms)  (pid 6035)
Compiled angular-resource.js  (0ms)  (pid 6035)
Compiled app/calendar.js  (57ms)  (pid 6035)
Compiled controllers/month_controller.js  (34ms)  (pid 6035)
Compiled controllers/event_controller.js  (20ms)  (pid 6035)
Compiled services/calendar_service.js  (25ms)  (pid 6035)
Compiled services/event_service.js  (9ms)  (pid 6035)
Compiled directives/event_modal_directive.js  (7ms)  (pid 6035)
Compiled bootstrap.js  (0ms)  (pid 6035)
Compiled moment.js  (0ms)  (pid 6035)
Compiled underscore.js  (0ms)  (pid 6035)
Compiled application.js  (264ms)  (pid 6035)
Compiled bootstrap-responsive.css  (0ms)  (pid 6035)
Compiled bootstrap.css  (0ms)  (pid 6035)
Compiled calendar.css  (0ms)  (pid 6035)
Compiled events.css  (9ms)  (pid 6035)
Compiled scaffolds.css  (17ms)  (pid 6035)
Compiled application.css  (55ms)  (pid 6035)
Compiled jquery.js  (2ms)  (pid 6067)
Compiled jquery_ujs.js  (0ms)  (pid 6067)
Compiled angular.js  (22ms)  (pid 6067)
Compiled angular-resource.js  (0ms)  (pid 6067)
Compiled app/calendar.js  (57ms)  (pid 6067)
Compiled controllers/month_controller.js  (1ms)  (pid 6067)
Compiled controllers/event_controller.js  (1ms)  (pid 6067)
Compiled services/calendar_service.js  (1ms)  (pid 6067)
Compiled services/event_service.js  (0ms)  (pid 6067)
Compiled directives/event_modal_directive.js  (0ms)  (pid 6067)
Compiled bootstrap.js  (0ms)  (pid 6067)
Compiled moment.js  (0ms)  (pid 6067)
Compiled underscore.js  (0ms)  (pid 6067)
Compiled application.js  (186ms)  (pid 6067)
Compiled bootstrap-responsive.css  (0ms)  (pid 6067)
Compiled bootstrap.css  (0ms)  (pid 6067)
Compiled calendar.css  (0ms)  (pid 6067)
Compiled events.css  (5ms)  (pid 6067)
Compiled scaffolds.css  (9ms)  (pid 6067)
Compiled application.css  (38ms)  (pid 6067)
Compiled jquery.js  (1ms)  (pid 6067)
Compiled jquery_ujs.js  (0ms)  (pid 6067)
Compiled angular.js  (5ms)  (pid 6067)
Compiled angular-resource.js  (0ms)  (pid 6067)
Compiled app/calendar.js  (54ms)  (pid 6067)
Compiled controllers/month_controller.js  (1ms)  (pid 6067)
Compiled controllers/event_controller.js  (0ms)  (pid 6067)
Compiled services/calendar_service.js  (0ms)  (pid 6067)
Compiled services/event_service.js  (0ms)  (pid 6067)
Compiled directives/event_modal_directive.js  (0ms)  (pid 6067)
Compiled bootstrap.js  (0ms)  (pid 6067)
Compiled moment.js  (0ms)  (pid 6067)
Compiled underscore.js  (0ms)  (pid 6067)
Compiled application.js  (170ms)  (pid 6067)
Compiled bootstrap-responsive.css  (0ms)  (pid 6067)
Compiled bootstrap.css  (0ms)  (pid 6067)
Compiled calendar.css  (0ms)  (pid 6067)
Compiled events.css  (9ms)  (pid 6067)
Compiled scaffolds.css  (16ms)  (pid 6067)
Compiled application.css  (75ms)  (pid 6067)
Compiled jquery.js  (1ms)  (pid 6092)
Compiled jquery_ujs.js  (0ms)  (pid 6092)
Compiled angular.js  (26ms)  (pid 6092)
Compiled angular-resource.js  (0ms)  (pid 6092)
Compiled app/calendar.js  (53ms)  (pid 6092)
Compiled controllers/month_controller.js  (1ms)  (pid 6092)
Compiled controllers/event_controller.js  (0ms)  (pid 6092)
Compiled services/calendar_service.js  (1ms)  (pid 6092)
Compiled services/event_service.js  (0ms)  (pid 6092)
Compiled directives/event_modal_directive.js  (0ms)  (pid 6092)
Compiled bootstrap.js  (0ms)  (pid 6092)
Compiled moment.js  (0ms)  (pid 6092)
Compiled underscore.js  (0ms)  (pid 6092)
Compiled application.js  (211ms)  (pid 6092)
Compiled bootstrap-responsive.css  (0ms)  (pid 6092)
Compiled bootstrap.css  (0ms)  (pid 6092)
Compiled calendar.css  (0ms)  (pid 6092)
Compiled events.css  (6ms)  (pid 6092)
Compiled scaffolds.css  (9ms)  (pid 6092)
Compiled application.css  (39ms)  (pid 6092)
Compiled jquery.js  (1ms)  (pid 6092)
Compiled jquery_ujs.js  (0ms)  (pid 6092)
Compiled angular.js  (6ms)  (pid 6092)
Compiled angular-resource.js  (0ms)  (pid 6092)
Compiled app/calendar.js  (50ms)  (pid 6092)
Compiled controllers/month_controller.js  (1ms)  (pid 6092)
Compiled controllers/event_controller.js  (0ms)  (pid 6092)
Compiled services/calendar_service.js  (0ms)  (pid 6092)
Compiled services/event_service.js  (0ms)  (pid 6092)
Compiled directives/event_modal_directive.js  (0ms)  (pid 6092)
Compiled bootstrap.js  (0ms)  (pid 6092)
Compiled moment.js  (0ms)  (pid 6092)
Compiled underscore.js  (0ms)  (pid 6092)
Compiled application.js  (167ms)  (pid 6092)
Compiled bootstrap-responsive.css  (0ms)  (pid 6092)
Compiled bootstrap.css  (0ms)  (pid 6092)
Compiled calendar.css  (0ms)  (pid 6092)
Compiled events.css  (9ms)  (pid 6092)
Compiled scaffolds.css  (16ms)  (pid 6092)
Compiled application.css  (75ms)  (pid 6092)
Compiled jquery.js  (1ms)  (pid 6114)
Compiled jquery_ujs.js  (0ms)  (pid 6114)
Compiled angular.js  (24ms)  (pid 6114)
Compiled angular-resource.js  (0ms)  (pid 6114)
Compiled app/calendar.js  (57ms)  (pid 6114)
Compiled controllers/month_controller.js  (1ms)  (pid 6114)
Compiled controllers/event_controller.js  (1ms)  (pid 6114)
Compiled services/calendar_service.js  (1ms)  (pid 6114)
Compiled services/event_service.js  (0ms)  (pid 6114)
Compiled directives/event_modal_directive.js  (0ms)  (pid 6114)
Compiled bootstrap.js  (0ms)  (pid 6114)
Compiled moment.js  (0ms)  (pid 6114)
Compiled underscore.js  (0ms)  (pid 6114)
Compiled application.js  (197ms)  (pid 6114)
Compiled bootstrap-responsive.css  (0ms)  (pid 6114)
Compiled bootstrap.css  (0ms)  (pid 6114)
Compiled calendar.css  (0ms)  (pid 6114)
Compiled events.css  (5ms)  (pid 6114)
Compiled scaffolds.css  (10ms)  (pid 6114)
Compiled application.css  (39ms)  (pid 6114)
Compiled jquery.js  (1ms)  (pid 6114)
Compiled jquery_ujs.js  (0ms)  (pid 6114)
Compiled angular.js  (6ms)  (pid 6114)
Compiled angular-resource.js  (0ms)  (pid 6114)
Compiled app/calendar.js  (55ms)  (pid 6114)
Compiled controllers/month_controller.js  (1ms)  (pid 6114)
Compiled controllers/event_controller.js  (0ms)  (pid 6114)
Compiled services/calendar_service.js  (0ms)  (pid 6114)
Compiled services/event_service.js  (0ms)  (pid 6114)
Compiled directives/event_modal_directive.js  (0ms)  (pid 6114)
Compiled bootstrap.js  (0ms)  (pid 6114)
Compiled moment.js  (0ms)  (pid 6114)
Compiled underscore.js  (0ms)  (pid 6114)
Compiled application.js  (171ms)  (pid 6114)
Compiled bootstrap-responsive.css  (0ms)  (pid 6114)
Compiled bootstrap.css  (0ms)  (pid 6114)
Compiled calendar.css  (0ms)  (pid 6114)
Compiled events.css  (6ms)  (pid 6114)
Compiled scaffolds.css  (33ms)  (pid 6114)
Compiled application.css  (169ms)  (pid 6114)
Compiled jquery.js  (1ms)  (pid 6205)
Compiled jquery_ujs.js  (0ms)  (pid 6205)
Compiled angular.js  (22ms)  (pid 6205)
Compiled angular-resource.js  (0ms)  (pid 6205)
Compiled app/calendar.js  (57ms)  (pid 6205)
Compiled controllers/month_controller.js  (1ms)  (pid 6205)
Compiled controllers/event_controller.js  (0ms)  (pid 6205)
Compiled services/calendar_service.js  (1ms)  (pid 6205)
Compiled services/event_service.js  (0ms)  (pid 6205)
Compiled directives/event_modal_directive.js  (0ms)  (pid 6205)
Compiled bootstrap.js  (0ms)  (pid 6205)
Compiled moment.js  (0ms)  (pid 6205)
Compiled underscore.js  (0ms)  (pid 6205)
Compiled application.js  (185ms)  (pid 6205)
Compiled bootstrap-responsive.css  (0ms)  (pid 6205)
Compiled bootstrap.css  (0ms)  (pid 6205)
Compiled calendar.css  (0ms)  (pid 6205)
Compiled events.css  (5ms)  (pid 6205)
Compiled scaffolds.css  (9ms)  (pid 6205)
Compiled application.css  (40ms)  (pid 6205)
Compiled jquery.js  (1ms)  (pid 6205)
Compiled jquery_ujs.js  (0ms)  (pid 6205)
Compiled angular.js  (6ms)  (pid 6205)
Compiled angular-resource.js  (0ms)  (pid 6205)
Compiled app/calendar.js  (60ms)  (pid 6205)
Compiled controllers/month_controller.js  (1ms)  (pid 6205)
Compiled controllers/event_controller.js  (0ms)  (pid 6205)
Compiled services/calendar_service.js  (0ms)  (pid 6205)
Compiled services/event_service.js  (0ms)  (pid 6205)
Compiled directives/event_modal_directive.js  (0ms)  (pid 6205)
Compiled bootstrap.js  (0ms)  (pid 6205)
Compiled moment.js  (0ms)  (pid 6205)
Compiled underscore.js  (0ms)  (pid 6205)
Compiled application.js  (180ms)  (pid 6205)
Compiled bootstrap-responsive.css  (0ms)  (pid 6205)
Compiled bootstrap.css  (0ms)  (pid 6205)
Compiled calendar.css  (0ms)  (pid 6205)
Compiled events.css  (9ms)  (pid 6205)
Compiled scaffolds.css  (17ms)  (pid 6205)
Compiled application.css  (75ms)  (pid 6205)
Compiled jquery.js  (1ms)  (pid 6232)
Compiled jquery_ujs.js  (0ms)  (pid 6232)
Compiled angular.js  (22ms)  (pid 6232)
Compiled angular-resource.js  (0ms)  (pid 6232)
Compiled jquery.js  (1ms)  (pid 6243)
Compiled jquery_ujs.js  (0ms)  (pid 6243)
Compiled angular.js  (23ms)  (pid 6243)
Compiled angular-resource.js  (0ms)  (pid 6243)
Compiled app/calendar.js  (60ms)  (pid 6243)
Compiled controllers/month_controller.js  (7ms)  (pid 6243)
Compiled controllers/event_controller.js  (1ms)  (pid 6243)
Compiled services/calendar_service.js  (1ms)  (pid 6243)
Compiled services/event_service.js  (1ms)  (pid 6243)
Compiled directives/event_modal_directive.js  (1ms)  (pid 6243)
Compiled bootstrap.js  (0ms)  (pid 6243)
Compiled moment.js  (0ms)  (pid 6243)
Compiled underscore.js  (0ms)  (pid 6243)
Compiled application.js  (211ms)  (pid 6243)
Compiled bootstrap-responsive.css  (0ms)  (pid 6243)
Compiled bootstrap.css  (0ms)  (pid 6243)
Compiled calendar.css  (0ms)  (pid 6243)
Compiled events.css  (5ms)  (pid 6243)
Compiled scaffolds.css  (10ms)  (pid 6243)
Compiled application.css  (40ms)  (pid 6243)
Compiled jquery.js  (1ms)  (pid 6243)
Compiled jquery_ujs.js  (0ms)  (pid 6243)
Compiled angular.js  (6ms)  (pid 6243)
Compiled angular-resource.js  (0ms)  (pid 6243)
Compiled app/calendar.js  (58ms)  (pid 6243)
Compiled controllers/month_controller.js  (4ms)  (pid 6243)
Compiled controllers/event_controller.js  (0ms)  (pid 6243)
Compiled services/calendar_service.js  (0ms)  (pid 6243)
Compiled services/event_service.js  (0ms)  (pid 6243)
Compiled directives/event_modal_directive.js  (1ms)  (pid 6243)
Compiled bootstrap.js  (0ms)  (pid 6243)
Compiled moment.js  (0ms)  (pid 6243)
Compiled underscore.js  (0ms)  (pid 6243)
Compiled application.js  (178ms)  (pid 6243)
Compiled bootstrap-responsive.css  (0ms)  (pid 6243)
Compiled bootstrap.css  (0ms)  (pid 6243)
Compiled calendar.css  (0ms)  (pid 6243)
Compiled events.css  (9ms)  (pid 6243)
Compiled scaffolds.css  (15ms)  (pid 6243)
Compiled application.css  (71ms)  (pid 6243)
Compiled jquery.js  (2ms)  (pid 6265)
Compiled jquery_ujs.js  (0ms)  (pid 6265)
Compiled angular.js  (24ms)  (pid 6265)
Compiled angular-resource.js  (0ms)  (pid 6265)
Compiled app/calendar.js  (60ms)  (pid 6265)
Compiled controllers/month_controller.js  (39ms)  (pid 6265)
Compiled controllers/event_controller.js  (0ms)  (pid 6265)
Compiled services/calendar_service.js  (1ms)  (pid 6265)
Compiled services/event_service.js  (0ms)  (pid 6265)
Compiled directives/event_modal_directive.js  (0ms)  (pid 6265)
Compiled bootstrap.js  (0ms)  (pid 6265)
Compiled moment.js  (0ms)  (pid 6265)
Compiled underscore.js  (0ms)  (pid 6265)
Compiled application.js  (233ms)  (pid 6265)
Compiled bootstrap-responsive.css  (0ms)  (pid 6265)
Compiled bootstrap.css  (0ms)  (pid 6265)
Compiled calendar.css  (0ms)  (pid 6265)
Compiled events.css  (5ms)  (pid 6265)
Compiled scaffolds.css  (10ms)  (pid 6265)
Compiled application.css  (39ms)  (pid 6265)
Compiled jquery.js  (1ms)  (pid 6265)
Compiled jquery_ujs.js  (0ms)  (pid 6265)
Compiled angular.js  (6ms)  (pid 6265)
Compiled angular-resource.js  (0ms)  (pid 6265)
Compiled app/calendar.js  (58ms)  (pid 6265)
Compiled controllers/month_controller.js  (40ms)  (pid 6265)
Compiled controllers/event_controller.js  (0ms)  (pid 6265)
Compiled services/calendar_service.js  (0ms)  (pid 6265)
Compiled services/event_service.js  (0ms)  (pid 6265)
Compiled directives/event_modal_directive.js  (0ms)  (pid 6265)
Compiled bootstrap.js  (0ms)  (pid 6265)
Compiled moment.js  (0ms)  (pid 6265)
Compiled underscore.js  (0ms)  (pid 6265)
Compiled application.js  (213ms)  (pid 6265)
Compiled bootstrap-responsive.css  (0ms)  (pid 6265)
Compiled bootstrap.css  (0ms)  (pid 6265)
Compiled calendar.css  (0ms)  (pid 6265)
Compiled events.css  (9ms)  (pid 6265)
Compiled scaffolds.css  (16ms)  (pid 6265)
Compiled application.css  (56ms)  (pid 6265)
Compiled jquery.js  (2ms)  (pid 6288)
Compiled jquery_ujs.js  (0ms)  (pid 6288)
Compiled angular.js  (29ms)  (pid 6288)
Compiled angular-resource.js  (0ms)  (pid 6288)
Compiled app/calendar.js  (63ms)  (pid 6288)
Compiled controllers/month_controller.js  (44ms)  (pid 6288)
Compiled controllers/event_controller.js  (17ms)  (pid 6288)
Compiled services/calendar_service.js  (2ms)  (pid 6288)
Compiled services/event_service.js  (0ms)  (pid 6288)
Compiled directives/event_modal_directive.js  (1ms)  (pid 6288)
Compiled bootstrap.js  (0ms)  (pid 6288)
Compiled moment.js  (0ms)  (pid 6288)
Compiled underscore.js  (0ms)  (pid 6288)
Compiled application.js  (276ms)  (pid 6288)
Compiled bootstrap-responsive.css  (0ms)  (pid 6288)
Compiled bootstrap.css  (0ms)  (pid 6288)
Compiled calendar.css  (0ms)  (pid 6288)
Compiled events.css  (5ms)  (pid 6288)
Compiled scaffolds.css  (10ms)  (pid 6288)
Compiled application.css  (39ms)  (pid 6288)
Compiled jquery.js  (1ms)  (pid 6288)
Compiled jquery_ujs.js  (0ms)  (pid 6288)
Compiled angular.js  (6ms)  (pid 6288)
Compiled angular-resource.js  (0ms)  (pid 6288)
Compiled app/calendar.js  (68ms)  (pid 6288)
Compiled controllers/month_controller.js  (43ms)  (pid 6288)
Compiled controllers/event_controller.js  (16ms)  (pid 6288)
Compiled services/calendar_service.js  (1ms)  (pid 6288)
Compiled services/event_service.js  (0ms)  (pid 6288)
Compiled directives/event_modal_directive.js  (0ms)  (pid 6288)
Compiled bootstrap.js  (0ms)  (pid 6288)
Compiled moment.js  (0ms)  (pid 6288)
Compiled underscore.js  (0ms)  (pid 6288)
Compiled application.js  (236ms)  (pid 6288)
Compiled bootstrap-responsive.css  (0ms)  (pid 6288)
Compiled bootstrap.css  (0ms)  (pid 6288)
Compiled calendar.css  (0ms)  (pid 6288)
Compiled events.css  (8ms)  (pid 6288)
Compiled scaffolds.css  (17ms)  (pid 6288)
Compiled application.css  (73ms)  (pid 6288)
Compiled jquery.js  (2ms)  (pid 6310)
Compiled jquery_ujs.js  (0ms)  (pid 6310)
Compiled angular.js  (24ms)  (pid 6310)
Compiled angular-resource.js  (0ms)  (pid 6310)
Compiled app/calendar.js  (59ms)  (pid 6310)
Compiled controllers/month_controller.js  (37ms)  (pid 6310)
Compiled controllers/event_controller.js  (22ms)  (pid 6310)
Compiled services/calendar_service.js  (1ms)  (pid 6310)
Compiled services/event_service.js  (1ms)  (pid 6310)
Compiled directives/event_modal_directive.js  (0ms)  (pid 6310)
Compiled bootstrap.js  (0ms)  (pid 6310)
Compiled moment.js  (0ms)  (pid 6310)
Compiled underscore.js  (0ms)  (pid 6310)
Compiled application.js  (295ms)  (pid 6310)
Compiled bootstrap-responsive.css  (0ms)  (pid 6310)
Compiled bootstrap.css  (0ms)  (pid 6310)
Compiled calendar.css  (0ms)  (pid 6310)
Compiled events.css  (5ms)  (pid 6310)
Compiled scaffolds.css  (10ms)  (pid 6310)
Compiled application.css  (40ms)  (pid 6310)
Compiled jquery.js  (1ms)  (pid 6310)
Compiled jquery_ujs.js  (0ms)  (pid 6310)
Compiled angular.js  (6ms)  (pid 6310)
Compiled angular-resource.js  (0ms)  (pid 6310)
Compiled app/calendar.js  (57ms)  (pid 6310)
Compiled controllers/month_controller.js  (34ms)  (pid 6310)
Compiled controllers/event_controller.js  (20ms)  (pid 6310)
Compiled services/calendar_service.js  (1ms)  (pid 6310)
Compiled services/event_service.js  (0ms)  (pid 6310)
Compiled directives/event_modal_directive.js  (0ms)  (pid 6310)
Compiled bootstrap.js  (0ms)  (pid 6310)
Compiled moment.js  (0ms)  (pid 6310)
Compiled underscore.js  (0ms)  (pid 6310)
Compiled application.js  (229ms)  (pid 6310)
Compiled bootstrap-responsive.css  (0ms)  (pid 6310)
Compiled bootstrap.css  (0ms)  (pid 6310)
Compiled calendar.css  (0ms)  (pid 6310)
Compiled events.css  (6ms)  (pid 6310)
Compiled scaffolds.css  (12ms)  (pid 6310)
Compiled application.css  (74ms)  (pid 6310)
Compiled jquery.js  (1ms)  (pid 6333)
Compiled jquery_ujs.js  (0ms)  (pid 6333)
Compiled angular.js  (22ms)  (pid 6333)
Compiled angular-resource.js  (0ms)  (pid 6333)
Compiled app/calendar.js  (60ms)  (pid 6333)
Compiled controllers/month_controller.js  (39ms)  (pid 6333)
Compiled controllers/event_controller.js  (23ms)  (pid 6333)
Compiled services/calendar_service.js  (31ms)  (pid 6333)
Compiled services/event_service.js  (10ms)  (pid 6333)
Compiled directives/event_modal_directive.js  (4ms)  (pid 6333)
Compiled bootstrap.js  (0ms)  (pid 6333)
Compiled moment.js  (0ms)  (pid 6333)
Compiled underscore.js  (0ms)  (pid 6333)
Compiled application.js  (291ms)  (pid 6333)
Compiled bootstrap-responsive.css  (0ms)  (pid 6333)
Compiled bootstrap.css  (0ms)  (pid 6333)
Compiled calendar.css  (0ms)  (pid 6333)
Compiled events.css  (5ms)  (pid 6333)
Compiled scaffolds.css  (9ms)  (pid 6333)
Compiled application.css  (38ms)  (pid 6333)
Compiled jquery.js  (1ms)  (pid 6333)
Compiled jquery_ujs.js  (0ms)  (pid 6333)
Compiled angular.js  (6ms)  (pid 6333)
Compiled angular-resource.js  (0ms)  (pid 6333)
Compiled app/calendar.js  (59ms)  (pid 6333)
Compiled controllers/month_controller.js  (35ms)  (pid 6333)
Compiled controllers/event_controller.js  (20ms)  (pid 6333)
Compiled services/calendar_service.js  (27ms)  (pid 6333)
Compiled services/event_service.js  (7ms)  (pid 6333)
Compiled directives/event_modal_directive.js  (4ms)  (pid 6333)
Compiled bootstrap.js  (0ms)  (pid 6333)
Compiled moment.js  (0ms)  (pid 6333)
Compiled underscore.js  (0ms)  (pid 6333)
Compiled application.js  (266ms)  (pid 6333)
Compiled bootstrap-responsive.css  (0ms)  (pid 6333)
Compiled bootstrap.css  (0ms)  (pid 6333)
Compiled calendar.css  (0ms)  (pid 6333)
Compiled events.css  (9ms)  (pid 6333)
Compiled scaffolds.css  (17ms)  (pid 6333)
Compiled application.css  (57ms)  (pid 6333)
Compiled jquery.js  (1ms)  (pid 6355)
Compiled jquery_ujs.js  (0ms)  (pid 6355)
Compiled angular.js  (23ms)  (pid 6355)
Compiled angular-resource.js  (0ms)  (pid 6355)
Compiled app/calendar.js  (61ms)  (pid 6355)
Compiled controllers/month_controller.js  (35ms)  (pid 6355)
Compiled controllers/event_controller.js  (20ms)  (pid 6355)
Compiled services/calendar_service.js  (29ms)  (pid 6355)
Compiled services/event_service.js  (7ms)  (pid 6355)
Compiled directives/event_modal_directive.js  (4ms)  (pid 6355)
Compiled bootstrap.js  (0ms)  (pid 6355)
Compiled moment.js  (0ms)  (pid 6355)
Compiled underscore.js  (0ms)  (pid 6355)
Compiled application.js  (283ms)  (pid 6355)
Compiled bootstrap-responsive.css  (0ms)  (pid 6355)
Compiled bootstrap.css  (0ms)  (pid 6355)
Compiled calendar.css  (0ms)  (pid 6355)
Compiled events.css  (5ms)  (pid 6355)
Compiled scaffolds.css  (10ms)  (pid 6355)
Compiled application.css  (40ms)  (pid 6355)
Compiled jquery.js  (1ms)  (pid 6355)
Compiled jquery_ujs.js  (0ms)  (pid 6355)
Compiled angular.js  (6ms)  (pid 6355)
Compiled angular-resource.js  (0ms)  (pid 6355)
Compiled app/calendar.js  (59ms)  (pid 6355)
Compiled controllers/month_controller.js  (35ms)  (pid 6355)
Compiled controllers/event_controller.js  (20ms)  (pid 6355)
Compiled services/calendar_service.js  (27ms)  (pid 6355)
Compiled services/event_service.js  (7ms)  (pid 6355)
Compiled directives/event_modal_directive.js  (4ms)  (pid 6355)
Compiled bootstrap.js  (0ms)  (pid 6355)
Compiled moment.js  (0ms)  (pid 6355)
Compiled underscore.js  (0ms)  (pid 6355)
Compiled application.js  (265ms)  (pid 6355)
Compiled bootstrap-responsive.css  (0ms)  (pid 6355)
Compiled bootstrap.css  (0ms)  (pid 6355)
Compiled calendar.css  (0ms)  (pid 6355)
Compiled events.css  (8ms)  (pid 6355)
Compiled scaffolds.css  (15ms)  (pid 6355)
Compiled application.css  (55ms)  (pid 6355)
